{"D:\\reactRS\\reactRS\\src\\components\\Flyout\\Flyout.tsx": {"path":"D:\\reactRS\\reactRS\\src\\components\\Flyout\\Flyout.tsx","statementMap":{"0":{"start":{"line":1,"column":0},"end":{"line":1,"column":46}},"1":{"start":{"line":2,"column":0},"end":{"line":2,"column":42}},"2":{"start":{"line":3,"column":0},"end":{"line":3,"column":55}},"3":{"start":{"line":4,"column":0},"end":{"line":4,"column":53}},"4":{"start":{"line":6,"column":0},"end":{"line":6,"column":49}},"5":{"start":{"line":7,"column":0},"end":{"line":7,"column":36}},"6":{"start":{"line":8,"column":0},"end":{"line":8,"column":42}},"7":{"start":{"line":10,"column":25},"end":{"line":40,"column":1}},"8":{"start":{"line":11,"column":19},"end":{"line":11,"column":32}},"9":{"start":{"line":12,"column":20},"end":{"line":12,"column":30}},"10":{"start":{"line":13,"column":24},"end":{"line":13,"column":76}},"11":{"start":{"line":13,"column":50},"end":{"line":13,"column":75}},"12":{"start":{"line":14,"column":29},"end":{"line":14,"column":62}},"13":{"start":{"line":16,"column":2},"end":{"line":16,"column":44}},"14":{"start":{"line":16,"column":32},"end":{"line":16,"column":44}},"15":{"start":{"line":18,"column":28},"end":{"line":20,"column":3}},"16":{"start":{"line":19,"column":4},"end":{"line":19,"column":28}},"17":{"start":{"line":22,"column":24},"end":{"line":22,"column":114}},"18":{"start":{"line":22,"column":49},"end":{"line":22,"column":114}},"19":{"start":{"line":23,"column":17},"end":{"line":23,"column":59}},"20":{"start":{"line":25,"column":27},"end":{"line":25,"column":100}},"21":{"start":{"line":27,"column":2},"end":{"line":39,"column":4}},"22":{"start":{"line":42,"column":0},"end":{"line":42,"column":22}}},"fnMap":{"0":{"name":"(anonymous_1)","decl":{"start":{"line":10,"column":25},"end":{"line":10,"column":28}},"loc":{"start":{"line":10,"column":30},"end":{"line":40,"column":1}}},"1":{"name":"(anonymous_2)","decl":{"start":{"line":13,"column":39},"end":{"line":13,"column":40}},"loc":{"start":{"line":13,"column":50},"end":{"line":13,"column":75}}},"2":{"name":"(anonymous_3)","decl":{"start":{"line":18,"column":28},"end":{"line":18,"column":31}},"loc":{"start":{"line":18,"column":33},"end":{"line":20,"column":3}}},"3":{"name":"(anonymous_4)","decl":{"start":{"line":22,"column":24},"end":{"line":22,"column":25}},"loc":{"start":{"line":22,"column":49},"end":{"line":22,"column":114}}}},"branchMap":{"0":{"loc":{"start":{"line":16,"column":2},"end":{"line":16,"column":44}},"type":"if","locations":[{"start":{"line":16,"column":2},"end":{"line":16,"column":44}}]},"1":{"loc":{"start":{"line":25,"column":61},"end":{"line":25,"column":94}},"type":"cond-expr","locations":[{"start":{"line":25,"column":86},"end":{"line":25,"column":89}},{"start":{"line":25,"column":92},"end":{"line":25,"column":94}}]},"2":{"loc":{"start":{"line":33,"column":34},"end":{"line":33,"column":67}},"type":"cond-expr","locations":[{"start":{"line":33,"column":59},"end":{"line":33,"column":62}},{"start":{"line":33,"column":65},"end":{"line":33,"column":67}}]}},"s":{"0":1,"1":1,"2":1,"3":1,"4":1,"5":1,"6":1,"7":1,"8":5,"9":5,"10":5,"11":11,"12":5,"13":5,"14":2,"15":3,"16":1,"17":3,"18":0,"19":3,"20":3,"21":3,"22":1},"f":{"0":5,"1":11,"2":1,"3":0},"b":{"0":[2],"1":[3,0],"2":[3,0]}}
,"D:\\reactRS\\reactRS\\src\\components\\Pagination\\Pagination.tsx": {"path":"D:\\reactRS\\reactRS\\src\\components\\Pagination\\Pagination.tsx","statementMap":{"0":{"start":{"line":1,"column":0},"end":{"line":1,"column":49}},"1":{"start":{"line":2,"column":0},"end":{"line":2,"column":36}},"2":{"start":{"line":3,"column":0},"end":{"line":3,"column":46}},"3":{"start":{"line":10,"column":46},"end":{"line":27,"column":1}},"4":{"start":{"line":11,"column":20},"end":{"line":11,"column":30}},"5":{"start":{"line":12,"column":27},"end":{"line":14,"column":3}},"6":{"start":{"line":13,"column":4},"end":{"line":13,"column":39}},"7":{"start":{"line":16,"column":2},"end":{"line":26,"column":4}},"8":{"start":{"line":18,"column":65},"end":{"line":18,"column":91}},"9":{"start":{"line":22,"column":74},"end":{"line":22,"column":100}},"10":{"start":{"line":29,"column":0},"end":{"line":29,"column":26}}},"fnMap":{"0":{"name":"(anonymous_1)","decl":{"start":{"line":10,"column":46},"end":{"line":10,"column":47}},"loc":{"start":{"line":10,"column":99},"end":{"line":27,"column":1}}},"1":{"name":"(anonymous_2)","decl":{"start":{"line":12,"column":27},"end":{"line":12,"column":28}},"loc":{"start":{"line":12,"column":50},"end":{"line":14,"column":3}}},"2":{"name":"(anonymous_3)","decl":{"start":{"line":18,"column":59},"end":{"line":18,"column":62}},"loc":{"start":{"line":18,"column":65},"end":{"line":18,"column":91}}},"3":{"name":"(anonymous_4)","decl":{"start":{"line":22,"column":68},"end":{"line":22,"column":71}},"loc":{"start":{"line":22,"column":74},"end":{"line":22,"column":100}}}},"branchMap":{},"s":{"0":1,"1":1,"2":1,"3":1,"4":4,"5":4,"6":2,"7":4,"8":1,"9":1,"10":1},"f":{"0":4,"1":2,"2":1,"3":1},"b":{}}
,"D:\\reactRS\\reactRS\\src\\components\\SearchBar\\SearchBar.tsx": {"path":"D:\\reactRS\\reactRS\\src\\components\\SearchBar\\SearchBar.tsx","statementMap":{"0":{"start":{"line":1,"column":0},"end":{"line":1,"column":58}},"1":{"start":{"line":2,"column":0},"end":{"line":2,"column":61}},"2":{"start":{"line":3,"column":0},"end":{"line":3,"column":60}},"3":{"start":{"line":4,"column":0},"end":{"line":4,"column":60}},"4":{"start":{"line":5,"column":0},"end":{"line":5,"column":49}},"5":{"start":{"line":6,"column":0},"end":{"line":6,"column":36}},"6":{"start":{"line":7,"column":0},"end":{"line":7,"column":45}},"7":{"start":{"line":13,"column":44},"end":{"line":59,"column":1}},"8":{"start":{"line":14,"column":26},"end":{"line":14,"column":85}},"9":{"start":{"line":14,"column":52},"end":{"line":14,"column":84}},"10":{"start":{"line":15,"column":40},"end":{"line":15,"column":73}},"11":{"start":{"line":16,"column":32},"end":{"line":16,"column":56}},"12":{"start":{"line":17,"column":20},"end":{"line":17,"column":30}},"13":{"start":{"line":18,"column":19},"end":{"line":18,"column":34}},"14":{"start":{"line":20,"column":22},"end":{"line":22,"column":3}},"15":{"start":{"line":21,"column":4},"end":{"line":21,"column":26}},"16":{"start":{"line":24,"column":23},"end":{"line":29,"column":3}},"17":{"start":{"line":25,"column":4},"end":{"line":25,"column":23}},"18":{"start":{"line":26,"column":4},"end":{"line":26,"column":26}},"19":{"start":{"line":27,"column":4},"end":{"line":27,"column":60}},"20":{"start":{"line":28,"column":4},"end":{"line":28,"column":49}},"21":{"start":{"line":31,"column":22},"end":{"line":33,"column":3}},"22":{"start":{"line":32,"column":4},"end":{"line":32,"column":21}},"23":{"start":{"line":35,"column":2},"end":{"line":58,"column":4}},"24":{"start":{"line":55,"column":10},"end":{"line":55,"column":40}},"25":{"start":{"line":61,"column":0},"end":{"line":61,"column":25}}},"fnMap":{"0":{"name":"(anonymous_1)","decl":{"start":{"line":13,"column":44},"end":{"line":13,"column":45}},"loc":{"start":{"line":13,"column":61},"end":{"line":59,"column":1}}},"1":{"name":"(anonymous_2)","decl":{"start":{"line":14,"column":41},"end":{"line":14,"column":42}},"loc":{"start":{"line":14,"column":52},"end":{"line":14,"column":84}}},"2":{"name":"(anonymous_3)","decl":{"start":{"line":20,"column":22},"end":{"line":20,"column":23}},"loc":{"start":{"line":20,"column":79},"end":{"line":22,"column":3}}},"3":{"name":"(anonymous_4)","decl":{"start":{"line":24,"column":23},"end":{"line":24,"column":24}},"loc":{"start":{"line":24,"column":60},"end":{"line":29,"column":3}}},"4":{"name":"(anonymous_5)","decl":{"start":{"line":31,"column":22},"end":{"line":31,"column":25}},"loc":{"start":{"line":31,"column":27},"end":{"line":33,"column":3}}},"5":{"name":"(anonymous_6)","decl":{"start":{"line":54,"column":9},"end":{"line":54,"column":12}},"loc":{"start":{"line":54,"column":14},"end":{"line":56,"column":9}}}},"branchMap":{"0":{"loc":{"start":{"line":53,"column":7},"end":{"line":56,"column":12}},"type":"binary-expr","locations":[{"start":{"line":53,"column":7},"end":{"line":53,"column":14}},{"start":{"line":54,"column":8},"end":{"line":56,"column":12}}]}},"s":{"0":1,"1":1,"2":1,"3":1,"4":1,"5":1,"6":1,"7":1,"8":3,"9":6,"10":3,"11":3,"12":3,"13":3,"14":3,"15":1,"16":3,"17":1,"18":1,"19":1,"20":1,"21":3,"22":0,"23":3,"24":0,"25":1},"f":{"0":3,"1":6,"2":1,"3":1,"4":0,"5":0},"b":{"0":[3,0]}}
,"D:\\reactRS\\reactRS\\src\\components\\SearchItem\\SearchItem.tsx": {"path":"D:\\reactRS\\reactRS\\src\\components\\SearchItem\\SearchItem.tsx","statementMap":{"0":{"start":{"line":1,"column":0},"end":{"line":1,"column":47}},"1":{"start":{"line":3,"column":0},"end":{"line":3,"column":61}},"2":{"start":{"line":4,"column":0},"end":{"line":4,"column":60}},"3":{"start":{"line":5,"column":0},"end":{"line":5,"column":49}},"4":{"start":{"line":6,"column":0},"end":{"line":6,"column":36}},"5":{"start":{"line":7,"column":0},"end":{"line":7,"column":46}},"6":{"start":{"line":13,"column":46},"end":{"line":53,"column":1}},"7":{"start":{"line":14,"column":19},"end":{"line":14,"column":32}},"8":{"start":{"line":15,"column":19},"end":{"line":15,"column":34}},"9":{"start":{"line":16,"column":20},"end":{"line":16,"column":30}},"10":{"start":{"line":18,"column":23},"end":{"line":18,"column":84}},"11":{"start":{"line":18,"column":49},"end":{"line":18,"column":83}},"12":{"start":{"line":19,"column":20},"end":{"line":19,"column":34}},"13":{"start":{"line":21,"column":31},"end":{"line":23,"column":3}},"14":{"start":{"line":22,"column":4},"end":{"line":22,"column":28}},"15":{"start":{"line":25,"column":30},"end":{"line":31,"column":3}},"16":{"start":{"line":26,"column":4},"end":{"line":30,"column":5}},"17":{"start":{"line":27,"column":6},"end":{"line":27,"column":29}},"18":{"start":{"line":29,"column":6},"end":{"line":29,"column":34}},"19":{"start":{"line":33,"column":2},"end":{"line":52,"column":4}},"20":{"start":{"line":48,"column":30},"end":{"line":48,"column":53}},"21":{"start":{"line":55,"column":0},"end":{"line":55,"column":26}}},"fnMap":{"0":{"name":"(anonymous_1)","decl":{"start":{"line":13,"column":46},"end":{"line":13,"column":47}},"loc":{"start":{"line":13,"column":59},"end":{"line":53,"column":1}}},"1":{"name":"(anonymous_2)","decl":{"start":{"line":18,"column":38},"end":{"line":18,"column":39}},"loc":{"start":{"line":18,"column":49},"end":{"line":18,"column":83}}},"2":{"name":"(anonymous_3)","decl":{"start":{"line":21,"column":31},"end":{"line":21,"column":34}},"loc":{"start":{"line":21,"column":36},"end":{"line":23,"column":3}}},"3":{"name":"(anonymous_4)","decl":{"start":{"line":25,"column":30},"end":{"line":25,"column":31}},"loc":{"start":{"line":25,"column":77},"end":{"line":31,"column":3}}},"4":{"name":"(anonymous_5)","decl":{"start":{"line":48,"column":19},"end":{"line":48,"column":20}},"loc":{"start":{"line":48,"column":30},"end":{"line":48,"column":53}}}},"branchMap":{"0":{"loc":{"start":{"line":26,"column":4},"end":{"line":30,"column":5}},"type":"if","locations":[{"start":{"line":26,"column":4},"end":{"line":30,"column":5}},{"start":{"line":28,"column":11},"end":{"line":30,"column":5}}]}},"s":{"0":2,"1":2,"2":2,"3":2,"4":2,"5":2,"6":2,"7":4,"8":4,"9":4,"10":4,"11":8,"12":4,"13":4,"14":1,"15":4,"16":0,"17":0,"18":0,"19":4,"20":0,"21":2},"f":{"0":4,"1":8,"2":1,"3":0,"4":0},"b":{"0":[0,0]}}
,"D:\\reactRS\\reactRS\\src\\components\\SearchResults\\SearchResults.tsx": {"path":"D:\\reactRS\\reactRS\\src\\components\\SearchResults\\SearchResults.tsx","statementMap":{"0":{"start":{"line":1,"column":0},"end":{"line":1,"column":59}},"1":{"start":{"line":3,"column":0},"end":{"line":3,"column":49}},"2":{"start":{"line":9,"column":52},"end":{"line":23,"column":1}},"3":{"start":{"line":10,"column":2},"end":{"line":22,"column":4}},"4":{"start":{"line":17,"column":12},"end":{"line":17,"column":44}},"5":{"start":{"line":25,"column":0},"end":{"line":25,"column":29}}},"fnMap":{"0":{"name":"(anonymous_1)","decl":{"start":{"line":9,"column":52},"end":{"line":9,"column":53}},"loc":{"start":{"line":9,"column":73},"end":{"line":23,"column":1}}},"1":{"name":"(anonymous_2)","decl":{"start":{"line":16,"column":28},"end":{"line":16,"column":29}},"loc":{"start":{"line":17,"column":12},"end":{"line":17,"column":44}}}},"branchMap":{"0":{"loc":{"start":{"line":12,"column":7},"end":{"line":19,"column":null}},"type":"cond-expr","locations":[{"start":{"line":13,"column":8},"end":{"line":13,"column":46}},{"start":{"line":15,"column":8},"end":{"line":18,"column":null}}]},"1":{"loc":{"start":{"line":12,"column":7},"end":{"line":12,"column":49}},"type":"binary-expr","locations":[{"start":{"line":12,"column":7},"end":{"line":12,"column":20}},{"start":{"line":12,"column":24},"end":{"line":12,"column":49}}]}},"s":{"0":1,"1":1,"2":1,"3":2,"4":2,"5":1},"f":{"0":2,"1":2},"b":{"0":[1,1],"1":[2,2]}}
,"D:\\reactRS\\reactRS\\src\\components\\ThemeSwitcher\\ThemeSwitcher.tsx": {"path":"D:\\reactRS\\reactRS\\src\\components\\ThemeSwitcher\\ThemeSwitcher.tsx","statementMap":{"0":{"start":{"line":2,"column":0},"end":{"line":2,"column":49}},"1":{"start":{"line":3,"column":0},"end":{"line":3,"column":49}},"2":{"start":{"line":5,"column":32},"end":{"line":16,"column":1}},"3":{"start":{"line":6,"column":33},"end":{"line":6,"column":43}},"4":{"start":{"line":8,"column":2},"end":{"line":15,"column":4}},"5":{"start":{"line":18,"column":0},"end":{"line":18,"column":29}}},"fnMap":{"0":{"name":"(anonymous_1)","decl":{"start":{"line":5,"column":32},"end":{"line":5,"column":35}},"loc":{"start":{"line":5,"column":37},"end":{"line":16,"column":1}}}},"branchMap":{},"s":{"0":1,"1":1,"2":1,"3":3,"4":3,"5":1},"f":{"0":3},"b":{}}
,"D:\\reactRS\\reactRS\\src\\constants\\api.constants.ts": {"path":"D:\\reactRS\\reactRS\\src\\constants\\api.constants.ts","statementMap":{"0":{"start":{"line":1,"column":13},"end":{"line":1,"column":72}},"1":{"start":{"line":2,"column":13},"end":{"line":2,"column":51}}},"fnMap":{},"branchMap":{},"s":{"0":5,"1":5},"f":{},"b":{}}
,"D:\\reactRS\\reactRS\\src\\context\\ThemeContext.tsx": {"path":"D:\\reactRS\\reactRS\\src\\context\\ThemeContext.tsx","statementMap":{"0":{"start":{"line":1,"column":0},"end":{"line":1,"column":57}},"1":{"start":{"line":2,"column":0},"end":{"line":2,"column":94}},"2":{"start":{"line":11,"column":13},"end":{"line":11,"column":79}},"3":{"start":{"line":13,"column":24},"end":{"line":19,"column":1}},"4":{"start":{"line":14,"column":18},"end":{"line":14,"column":42}},"5":{"start":{"line":15,"column":2},"end":{"line":17,"column":3}},"6":{"start":{"line":16,"column":4},"end":{"line":16,"column":38}},"7":{"start":{"line":18,"column":2},"end":{"line":18,"column":17}},"8":{"start":{"line":13,"column":13},"end":{"line":13,"column":24}},"9":{"start":{"line":21,"column":64},"end":{"line":41,"column":1}},"10":{"start":{"line":22,"column":28},"end":{"line":22,"column":67}},"11":{"start":{"line":24,"column":22},"end":{"line":26,"column":8}},"12":{"start":{"line":25,"column":4},"end":{"line":25,"column":80}},"13":{"start":{"line":25,"column":37},"end":{"line":25,"column":77}},"14":{"start":{"line":28,"column":16},"end":{"line":33,"column":null}},"15":{"start":{"line":29,"column":11},"end":{"line":32,"column":6}},"16":{"start":{"line":36,"column":2},"end":{"line":38,"column":14}},"17":{"start":{"line":37,"column":4},"end":{"line":37,"column":36}},"18":{"start":{"line":40,"column":2},"end":{"line":40,"column":81}},"19":{"start":{"line":21,"column":13},"end":{"line":21,"column":64}}},"fnMap":{"0":{"name":"(anonymous_0)","decl":{"start":{"line":13,"column":24},"end":{"line":13,"column":27}},"loc":{"start":{"line":13,"column":29},"end":{"line":19,"column":1}}},"1":{"name":"(anonymous_1)","decl":{"start":{"line":21,"column":64},"end":{"line":21,"column":65}},"loc":{"start":{"line":21,"column":81},"end":{"line":41,"column":1}}},"2":{"name":"(anonymous_2)","decl":{"start":{"line":24,"column":34},"end":{"line":24,"column":37}},"loc":{"start":{"line":24,"column":39},"end":{"line":26,"column":3}}},"3":{"name":"(anonymous_3)","decl":{"start":{"line":25,"column":13},"end":{"line":25,"column":14}},"loc":{"start":{"line":25,"column":37},"end":{"line":25,"column":77}}},"4":{"name":"(anonymous_4)","decl":{"start":{"line":29,"column":4},"end":{"line":29,"column":7}},"loc":{"start":{"line":29,"column":11},"end":{"line":32,"column":6}}},"5":{"name":"(anonymous_5)","decl":{"start":{"line":36,"column":12},"end":{"line":36,"column":15}},"loc":{"start":{"line":36,"column":17},"end":{"line":38,"column":3}}}},"branchMap":{"0":{"loc":{"start":{"line":15,"column":2},"end":{"line":17,"column":3}},"type":"if","locations":[{"start":{"line":15,"column":2},"end":{"line":17,"column":3}}]},"1":{"loc":{"start":{"line":25,"column":37},"end":{"line":25,"column":77}},"type":"cond-expr","locations":[{"start":{"line":25,"column":61},"end":{"line":25,"column":67}},{"start":{"line":25,"column":70},"end":{"line":25,"column":77}}]}},"s":{"0":5,"1":5,"2":5,"3":5,"4":16,"5":16,"6":0,"7":16,"8":5,"9":5,"10":0,"11":0,"12":0,"13":0,"14":0,"15":0,"16":0,"17":0,"18":0,"19":5},"f":{"0":16,"1":0,"2":0,"3":0,"4":0,"5":0},"b":{"0":[0],"1":[0,0]}}
,"D:\\reactRS\\reactRS\\src\\hooks\\useLocalStorage.ts": {"path":"D:\\reactRS\\reactRS\\src\\hooks\\useLocalStorage.ts","statementMap":{"0":{"start":{"line":1,"column":0},"end":{"line":1,"column":44}},"1":{"start":{"line":3,"column":28},"end":{"line":6,"column":1}},"2":{"start":{"line":4,"column":15},"end":{"line":4,"column":40}},"3":{"start":{"line":5,"column":2},"end":{"line":5,"column":48}},"4":{"start":{"line":8,"column":29},"end":{"line":10,"column":1}},"5":{"start":{"line":9,"column":2},"end":{"line":9,"column":62}},"6":{"start":{"line":12,"column":31},"end":{"line":20,"column":1}},"7":{"start":{"line":13,"column":50},"end":{"line":13,"column":104}},"8":{"start":{"line":13,"column":65},"end":{"line":13,"column":103}},"9":{"start":{"line":15,"column":2},"end":{"line":17,"column":30}},"10":{"start":{"line":16,"column":4},"end":{"line":16,"column":48}},"11":{"start":{"line":19,"column":2},"end":{"line":19,"column":49}},"12":{"start":{"line":12,"column":13},"end":{"line":12,"column":31}}},"fnMap":{"0":{"name":"(anonymous_0)","decl":{"start":{"line":3,"column":28},"end":{"line":3,"column":32}},"loc":{"start":{"line":3,"column":64},"end":{"line":6,"column":1}}},"1":{"name":"(anonymous_1)","decl":{"start":{"line":8,"column":29},"end":{"line":8,"column":33}},"loc":{"start":{"line":8,"column":69},"end":{"line":10,"column":1}}},"2":{"name":"(anonymous_2)","decl":{"start":{"line":12,"column":31},"end":{"line":12,"column":35}},"loc":{"start":{"line":12,"column":67},"end":{"line":20,"column":1}}},"3":{"name":"(anonymous_3)","decl":{"start":{"line":13,"column":59},"end":{"line":13,"column":62}},"loc":{"start":{"line":13,"column":65},"end":{"line":13,"column":103}}},"4":{"name":"(anonymous_4)","decl":{"start":{"line":15,"column":12},"end":{"line":15,"column":15}},"loc":{"start":{"line":15,"column":17},"end":{"line":17,"column":3}}}},"branchMap":{"0":{"loc":{"start":{"line":5,"column":9},"end":{"line":5,"column":47}},"type":"cond-expr","locations":[{"start":{"line":5,"column":16},"end":{"line":5,"column":32}},{"start":{"line":5,"column":35},"end":{"line":5,"column":47}}]}},"s":{"0":6,"1":6,"2":4,"3":4,"4":6,"5":5,"6":6,"7":5,"8":4,"9":5,"10":5,"11":5,"12":6},"f":{"0":4,"1":5,"2":5,"3":4,"4":5},"b":{"0":[2,2]}}
,"D:\\reactRS\\reactRS\\src\\store\\store.ts": {"path":"D:\\reactRS\\reactRS\\src\\store\\store.ts","statementMap":{"0":{"start":{"line":1,"column":0},"end":{"line":1,"column":67}},"1":{"start":{"line":2,"column":0},"end":{"line":2,"column":77}},"2":{"start":{"line":3,"column":0},"end":{"line":3,"column":50}},"3":{"start":{"line":4,"column":0},"end":{"line":4,"column":54}},"4":{"start":{"line":5,"column":0},"end":{"line":5,"column":51}},"5":{"start":{"line":7,"column":20},"end":{"line":11,"column":2}},"6":{"start":{"line":13,"column":26},"end":{"line":19,"column":1}},"7":{"start":{"line":14,"column":2},"end":{"line":18,"column":5}},"8":{"start":{"line":17,"column":42},"end":{"line":17,"column":96}},"9":{"start":{"line":13,"column":13},"end":{"line":13,"column":26}},"10":{"start":{"line":25,"column":13},"end":{"line":25,"column":75}},"11":{"start":{"line":26,"column":29},"end":{"line":26,"column":61}},"12":{"start":{"line":26,"column":35},"end":{"line":26,"column":61}},"13":{"start":{"line":26,"column":13},"end":{"line":26,"column":29}},"14":{"start":{"line":28,"column":13},"end":{"line":28,"column":34}}},"fnMap":{"0":{"name":"(anonymous_0)","decl":{"start":{"line":13,"column":26},"end":{"line":13,"column":27}},"loc":{"start":{"line":13,"column":66},"end":{"line":19,"column":1}}},"1":{"name":"(anonymous_1)","decl":{"start":{"line":17,"column":16},"end":{"line":17,"column":17}},"loc":{"start":{"line":17,"column":42},"end":{"line":17,"column":96}}},"2":{"name":"(anonymous_2)","decl":{"start":{"line":26,"column":29},"end":{"line":26,"column":32}},"loc":{"start":{"line":26,"column":35},"end":{"line":26,"column":61}}}},"branchMap":{},"s":{"0":5,"1":5,"2":5,"3":5,"4":5,"5":5,"6":5,"7":14,"8":14,"9":5,"10":5,"11":5,"12":7,"13":5,"14":5},"f":{"0":14,"1":14,"2":7},"b":{}}
,"D:\\reactRS\\reactRS\\src\\store\\api\\baseCardsApi.ts": {"path":"D:\\reactRS\\reactRS\\src\\store\\api\\baseCardsApi.ts","statementMap":{"0":{"start":{"line":1,"column":0},"end":{"line":1,"column":22}},"1":{"start":{"line":2,"column":0},"end":{"line":2,"column":66}},"2":{"start":{"line":3,"column":0},"end":{"line":3,"column":73}},"3":{"start":{"line":5,"column":13},"end":{"line":9,"column":3}},"4":{"start":{"line":8,"column":20},"end":{"line":8,"column":22}}},"fnMap":{"0":{"name":"(anonymous_0)","decl":{"start":{"line":8,"column":13},"end":{"line":8,"column":16}},"loc":{"start":{"line":8,"column":20},"end":{"line":8,"column":22}}}},"branchMap":{},"s":{"0":5,"1":5,"2":5,"3":5,"4":5},"f":{"0":5},"b":{}}
,"D:\\reactRS\\reactRS\\src\\store\\cards\\cards.slice.ts": {"path":"D:\\reactRS\\reactRS\\src\\store\\cards\\cards.slice.ts","statementMap":{"0":{"start":{"line":2,"column":0},"end":{"line":2,"column":62}},"1":{"start":{"line":8,"column":33},"end":{"line":10,"column":2}},"2":{"start":{"line":12,"column":13},"end":{"line":27,"column":3}},"3":{"start":{"line":17,"column":19},"end":{"line":17,"column":33}},"4":{"start":{"line":18,"column":6},"end":{"line":18,"column":42}},"5":{"start":{"line":21,"column":6},"end":{"line":21,"column":49}},"6":{"start":{"line":24,"column":6},"end":{"line":24,"column":31}},"7":{"start":{"line":29,"column":13},"end":{"line":29,"column":49}},"8":{"start":{"line":30,"column":13},"end":{"line":30,"column":47}}},"fnMap":{"0":{"name":"(anonymous_0)","decl":{"start":{"line":16,"column":12},"end":{"line":16,"column":13}},"loc":{"start":{"line":16,"column":60},"end":{"line":19,"column":5}}},"1":{"name":"(anonymous_1)","decl":{"start":{"line":20,"column":14},"end":{"line":20,"column":15}},"loc":{"start":{"line":20,"column":60},"end":{"line":22,"column":5}}},"2":{"name":"(anonymous_2)","decl":{"start":{"line":23,"column":17},"end":{"line":23,"column":18}},"loc":{"start":{"line":23,"column":27},"end":{"line":25,"column":5}}}},"branchMap":{},"s":{"0":6,"1":6,"2":6,"3":1,"4":1,"5":1,"6":2,"7":6,"8":6},"f":{"0":1,"1":1,"2":2},"b":{}}
,"D:\\reactRS\\reactRS\\src\\store\\search\\search.slice.ts": {"path":"D:\\reactRS\\reactRS\\src\\store\\search\\search.slice.ts","statementMap":{"0":{"start":{"line":1,"column":0},"end":{"line":1,"column":62}},"1":{"start":{"line":2,"column":0},"end":{"line":2,"column":59}},"2":{"start":{"line":8,"column":34},"end":{"line":10,"column":2}},"3":{"start":{"line":12,"column":13},"end":{"line":20,"column":3}},"4":{"start":{"line":17,"column":6},"end":{"line":17,"column":49}},"5":{"start":{"line":22,"column":15},"end":{"line":22,"column":54}},"6":{"start":{"line":23,"column":13},"end":{"line":23,"column":49}}},"fnMap":{"0":{"name":"(anonymous_0)","decl":{"start":{"line":16,"column":20},"end":{"line":16,"column":21}},"loc":{"start":{"line":16,"column":61},"end":{"line":18,"column":5}}}},"branchMap":{},"s":{"0":6,"1":6,"2":6,"3":6,"4":2,"5":6,"6":6},"f":{"0":2},"b":{}}
,"D:\\reactRS\\reactRS\\src\\utils\\local-storage.ts": {"path":"D:\\reactRS\\reactRS\\src\\utils\\local-storage.ts","statementMap":{"0":{"start":{"line":1,"column":35},"end":{"line":4,"column":1}},"1":{"start":{"line":2,"column":15},"end":{"line":2,"column":40}},"2":{"start":{"line":3,"column":2},"end":{"line":3,"column":48}},"3":{"start":{"line":1,"column":13},"end":{"line":1,"column":35}},"4":{"start":{"line":6,"column":36},"end":{"line":8,"column":1}},"5":{"start":{"line":7,"column":2},"end":{"line":7,"column":62}},"6":{"start":{"line":6,"column":13},"end":{"line":6,"column":36}}},"fnMap":{"0":{"name":"(anonymous_0)","decl":{"start":{"line":1,"column":35},"end":{"line":1,"column":39}},"loc":{"start":{"line":1,"column":71},"end":{"line":4,"column":1}}},"1":{"name":"(anonymous_1)","decl":{"start":{"line":6,"column":36},"end":{"line":6,"column":40}},"loc":{"start":{"line":6,"column":76},"end":{"line":8,"column":1}}}},"branchMap":{"0":{"loc":{"start":{"line":3,"column":9},"end":{"line":3,"column":47}},"type":"cond-expr","locations":[{"start":{"line":3,"column":16},"end":{"line":3,"column":32}},{"start":{"line":3,"column":35},"end":{"line":3,"column":47}}]}},"s":{"0":4,"1":4,"2":4,"3":4,"4":4,"5":0,"6":4},"f":{"0":4,"1":0},"b":{"0":[0,4]}}
,"D:\\reactRS\\reactRS\\src\\utils\\test-utils.tsx": {"path":"D:\\reactRS\\reactRS\\src\\utils\\test-utils.tsx","statementMap":{"0":{"start":{"line":2,"column":0},"end":{"line":2,"column":63}},"1":{"start":{"line":3,"column":0},"end":{"line":3,"column":48}},"2":{"start":{"line":4,"column":0},"end":{"line":4,"column":60}},"3":{"start":{"line":5,"column":0},"end":{"line":5,"column":39}},"4":{"start":{"line":6,"column":0},"end":{"line":6,"column":86}},"5":{"start":{"line":14,"column":21},"end":{"line":29,"column":1}},"6":{"start":{"line":23,"column":2},"end":{"line":28,"column":4}},"7":{"start":{"line":66,"column":9},"end":{"line":66,"column":21}},"8":{"start":{"line":31,"column":28},"end":{"line":43,"column":1}},"9":{"start":{"line":35,"column":2},"end":{"line":42,"column":4}},"10":{"start":{"line":66,"column":23},"end":{"line":66,"column":42}},"11":{"start":{"line":45,"column":28},"end":{"line":63,"column":1}},"12":{"start":{"line":54,"column":18},"end":{"line":59,"column":null}},"13":{"start":{"line":55,"column":4},"end":{"line":58,"column":null}},"14":{"start":{"line":62,"column":2},"end":{"line":62,"column":74}},"15":{"start":{"line":66,"column":44},"end":{"line":66,"column":63}},"16":{"start":{"line":65,"column":0},"end":{"line":65,"column":39}}},"fnMap":{"0":{"name":"(anonymous_4)","decl":{"start":{"line":14,"column":21},"end":{"line":14,"column":null}},"loc":{"start":{"line":22,"column":4},"end":{"line":29,"column":1}}},"1":{"name":"(anonymous_5)","decl":{"start":{"line":31,"column":28},"end":{"line":31,"column":null}},"loc":{"start":{"line":34,"column":4},"end":{"line":43,"column":1}}},"2":{"name":"(anonymous_6)","decl":{"start":{"line":45,"column":28},"end":{"line":45,"column":null}},"loc":{"start":{"line":53,"column":4},"end":{"line":63,"column":1}}},"3":{"name":"(anonymous_7)","decl":{"start":{"line":54,"column":18},"end":{"line":54,"column":19}},"loc":{"start":{"line":55,"column":4},"end":{"line":58,"column":null}}}},"branchMap":{"0":{"loc":{"start":{"line":16,"column":2},"end":{"line":21,"column":31}},"type":"default-arg","locations":[{"start":{"line":21,"column":29},"end":{"line":21,"column":31}}]},"1":{"loc":{"start":{"line":17,"column":4},"end":{"line":17,"column":23}},"type":"default-arg","locations":[{"start":{"line":17,"column":21},"end":{"line":17,"column":23}}]},"2":{"loc":{"start":{"line":18,"column":4},"end":{"line":18,"column":38}},"type":"default-arg","locations":[{"start":{"line":18,"column":12},"end":{"line":18,"column":38}}]},"3":{"loc":{"start":{"line":19,"column":4},"end":{"line":19,"column":62}},"type":"default-arg","locations":[{"start":{"line":19,"column":20},"end":{"line":19,"column":62}}]},"4":{"loc":{"start":{"line":33,"column":2},"end":{"line":33,"column":110}},"type":"default-arg","locations":[{"start":{"line":33,"column":108},"end":{"line":33,"column":110}}]},"5":{"loc":{"start":{"line":33,"column":4},"end":{"line":33,"column":62}},"type":"default-arg","locations":[{"start":{"line":33,"column":20},"end":{"line":33,"column":62}}]},"6":{"loc":{"start":{"line":47,"column":2},"end":{"line":52,"column":31}},"type":"default-arg","locations":[{"start":{"line":52,"column":29},"end":{"line":52,"column":31}}]},"7":{"loc":{"start":{"line":48,"column":4},"end":{"line":48,"column":23}},"type":"default-arg","locations":[{"start":{"line":48,"column":21},"end":{"line":48,"column":23}}]},"8":{"loc":{"start":{"line":49,"column":4},"end":{"line":49,"column":38}},"type":"default-arg","locations":[{"start":{"line":49,"column":12},"end":{"line":49,"column":38}}]},"9":{"loc":{"start":{"line":50,"column":4},"end":{"line":50,"column":62}},"type":"default-arg","locations":[{"start":{"line":50,"column":20},"end":{"line":50,"column":62}}]}},"s":{"0":5,"1":5,"2":5,"3":5,"4":5,"5":5,"6":4,"7":5,"8":5,"9":4,"10":5,"11":5,"12":5,"13":5,"14":5,"15":5,"16":5},"f":{"0":4,"1":4,"2":5,"3":5},"b":{"0":[0],"1":[4],"2":[4],"3":[0],"4":[4],"5":[4],"6":[1],"7":[1],"8":[5],"9":[5]}}
}
