{"D:\\reactRS\\reactRS\\src\\constants\\api.constants.ts": {"path":"D:\\reactRS\\reactRS\\src\\constants\\api.constants.ts","statementMap":{"0":{"start":{"line":1,"column":13},"end":{"line":1,"column":71}},"1":{"start":{"line":2,"column":13},"end":{"line":2,"column":67}}},"fnMap":{},"branchMap":{},"s":{"0":1,"1":1},"f":{},"b":{}}
,"D:\\reactRS\\reactRS\\src\\pages\\DetailItemPage\\DetailItemPage.tsx": {"path":"D:\\reactRS\\reactRS\\src\\pages\\DetailItemPage\\DetailItemPage.tsx","statementMap":{"0":{"start":{"line":1,"column":0},"end":{"line":1,"column":58}},"1":{"start":{"line":2,"column":0},"end":{"line":2,"column":52}},"2":{"start":{"line":3,"column":0},"end":{"line":3,"column":58}},"3":{"start":{"line":4,"column":0},"end":{"line":4,"column":47}},"4":{"start":{"line":6,"column":0},"end":{"line":6,"column":50}},"5":{"start":{"line":8,"column":33},"end":{"line":67,"column":1}},"6":{"start":{"line":9,"column":19},"end":{"line":9,"column":32}},"7":{"start":{"line":10,"column":24},"end":{"line":10,"column":52}},"8":{"start":{"line":11,"column":17},"end":{"line":11,"column":28}},"9":{"start":{"line":12,"column":36},"end":{"line":12,"column":71}},"10":{"start":{"line":14,"column":25},"end":{"line":19,"column":3}},"11":{"start":{"line":15,"column":19},"end":{"line":15,"column":50}},"12":{"start":{"line":16,"column":4},"end":{"line":18,"column":7}},"13":{"start":{"line":17,"column":6},"end":{"line":17,"column":33}},"14":{"start":{"line":21,"column":2},"end":{"line":25,"column":11}},"15":{"start":{"line":22,"column":4},"end":{"line":24,"column":5}},"16":{"start":{"line":23,"column":6},"end":{"line":23,"column":23}},"17":{"start":{"line":26,"column":2},"end":{"line":40,"column":9}},"18":{"start":{"line":27,"column":4},"end":{"line":27,"column":44}},"19":{"start":{"line":28,"column":31},"end":{"line":32,"column":5}},"20":{"start":{"line":29,"column":6},"end":{"line":31,"column":7}},"21":{"start":{"line":30,"column":8},"end":{"line":30,"column":22}},"22":{"start":{"line":34,"column":4},"end":{"line":34,"column":63}},"23":{"start":{"line":35,"column":4},"end":{"line":39,"column":6}},"24":{"start":{"line":36,"column":6},"end":{"line":36,"column":40}},"25":{"start":{"line":38,"column":6},"end":{"line":38,"column":68}},"26":{"start":{"line":42,"column":22},"end":{"line":49,"column":3}},"27":{"start":{"line":43,"column":4},"end":{"line":43,"column":38}},"28":{"start":{"line":44,"column":31},"end":{"line":44,"column":67}},"29":{"start":{"line":45,"column":4},"end":{"line":48,"column":7}},"30":{"start":{"line":50,"column":2},"end":{"line":66,"column":4}},"31":{"start":{"line":69,"column":0},"end":{"line":69,"column":30}}},"fnMap":{"0":{"name":"(anonymous_1)","decl":{"start":{"line":8,"column":33},"end":{"line":8,"column":36}},"loc":{"start":{"line":8,"column":38},"end":{"line":67,"column":1}}},"1":{"name":"(anonymous_2)","decl":{"start":{"line":14,"column":25},"end":{"line":14,"column":28}},"loc":{"start":{"line":14,"column":30},"end":{"line":19,"column":3}}},"2":{"name":"(anonymous_3)","decl":{"start":{"line":16,"column":27},"end":{"line":16,"column":28}},"loc":{"start":{"line":16,"column":36},"end":{"line":18,"column":5}}},"3":{"name":"(anonymous_4)","decl":{"start":{"line":21,"column":12},"end":{"line":21,"column":15}},"loc":{"start":{"line":21,"column":17},"end":{"line":25,"column":3}}},"4":{"name":"(anonymous_5)","decl":{"start":{"line":26,"column":12},"end":{"line":26,"column":15}},"loc":{"start":{"line":26,"column":17},"end":{"line":40,"column":3}}},"5":{"name":"(anonymous_6)","decl":{"start":{"line":28,"column":31},"end":{"line":28,"column":32}},"loc":{"start":{"line":28,"column":53},"end":{"line":32,"column":5}}},"6":{"name":"(anonymous_7)","decl":{"start":{"line":35,"column":11},"end":{"line":35,"column":14}},"loc":{"start":{"line":35,"column":16},"end":{"line":39,"column":5}}},"7":{"name":"(anonymous_8)","decl":{"start":{"line":42,"column":22},"end":{"line":42,"column":25}},"loc":{"start":{"line":42,"column":27},"end":{"line":49,"column":3}}}},"branchMap":{"0":{"loc":{"start":{"line":22,"column":4},"end":{"line":24,"column":5}},"type":"if","locations":[{"start":{"line":22,"column":4},"end":{"line":24,"column":5}}]},"1":{"loc":{"start":{"line":29,"column":6},"end":{"line":31,"column":7}},"type":"if","locations":[{"start":{"line":29,"column":6},"end":{"line":31,"column":7}}]},"2":{"loc":{"start":{"line":29,"column":10},"end":{"line":29,"column":88}},"type":"binary-expr","locations":[{"start":{"line":29,"column":10},"end":{"line":29,"column":31}},{"start":{"line":29,"column":35},"end":{"line":29,"column":88}}]},"3":{"loc":{"start":{"line":56,"column":7},"end":{"line":63,"column":null}},"type":"cond-expr","locations":[{"start":{"line":57,"column":8},"end":{"line":60,"column":null}},{"start":{"line":63,"column":8},"end":{"line":63,"column":52}}]},"4":{"loc":{"start":{"line":59,"column":11},"end":{"line":59,"column":89}},"type":"binary-expr","locations":[{"start":{"line":59,"column":11},"end":{"line":59,"column":33}},{"start":{"line":59,"column":37},"end":{"line":59,"column":89}}]},"5":{"loc":{"start":{"line":60,"column":41},"end":{"line":60,"column":110}},"type":"binary-expr","locations":[{"start":{"line":60,"column":41},"end":{"line":60,"column":62}},{"start":{"line":60,"column":66},"end":{"line":60,"column":110}}]}},"s":{"0":1,"1":1,"2":1,"3":1,"4":1,"5":1,"6":1,"7":1,"8":1,"9":1,"10":1,"11":0,"12":0,"13":0,"14":1,"15":1,"16":0,"17":1,"18":1,"19":1,"20":0,"21":0,"22":1,"23":1,"24":1,"25":1,"26":1,"27":0,"28":0,"29":0,"30":1,"31":1},"f":{"0":1,"1":0,"2":0,"3":1,"4":1,"5":0,"6":1,"7":0},"b":{"0":[0],"1":[0],"2":[0,0],"3":[0,1],"4":[0,0],"5":[0,0]}}
,"D:\\reactRS\\reactRS\\src\\services\\fetchApi.ts": {"path":"D:\\reactRS\\reactRS\\src\\services\\fetchApi.ts","statementMap":{"0":{"start":{"line":1,"column":25},"end":{"line":32,"column":1}},"1":{"start":{"line":2,"column":17},"end":{"line":2,"column":54}},"2":{"start":{"line":4,"column":2},"end":{"line":31,"column":3}},"3":{"start":{"line":5,"column":21},"end":{"line":12,"column":6}},"4":{"start":{"line":14,"column":4},"end":{"line":17,"column":5}},"5":{"start":{"line":15,"column":6},"end":{"line":15,"column":39}},"6":{"start":{"line":16,"column":6},"end":{"line":16,"column":33}},"7":{"start":{"line":19,"column":4},"end":{"line":21,"column":5}},"8":{"start":{"line":20,"column":6},"end":{"line":20,"column":64}},"9":{"start":{"line":23,"column":17},"end":{"line":23,"column":38}},"10":{"start":{"line":24,"column":4},"end":{"line":24,"column":16}},"11":{"start":{"line":26,"column":4},"end":{"line":29,"column":5}},"12":{"start":{"line":27,"column":6},"end":{"line":27,"column":70}},"13":{"start":{"line":28,"column":6},"end":{"line":28,"column":62}},"14":{"start":{"line":30,"column":4},"end":{"line":30,"column":17}},"15":{"start":{"line":1,"column":13},"end":{"line":1,"column":25}}},"fnMap":{"0":{"name":"(anonymous_0)","decl":{"start":{"line":1,"column":25},"end":{"line":1,"column":30}},"loc":{"start":{"line":1,"column":50},"end":{"line":32,"column":1}}}},"branchMap":{"0":{"loc":{"start":{"line":2,"column":17},"end":{"line":2,"column":54}},"type":"binary-expr","locations":[{"start":{"line":2,"column":17},"end":{"line":2,"column":48}},{"start":{"line":2,"column":52},"end":{"line":2,"column":54}}]},"1":{"loc":{"start":{"line":14,"column":4},"end":{"line":17,"column":5}},"type":"if","locations":[{"start":{"line":14,"column":4},"end":{"line":17,"column":5}}]},"2":{"loc":{"start":{"line":19,"column":4},"end":{"line":21,"column":5}},"type":"if","locations":[{"start":{"line":19,"column":4},"end":{"line":21,"column":5}}]},"3":{"loc":{"start":{"line":26,"column":4},"end":{"line":29,"column":5}},"type":"if","locations":[{"start":{"line":26,"column":4},"end":{"line":29,"column":5}}]},"4":{"loc":{"start":{"line":26,"column":8},"end":{"line":26,"column":79}},"type":"binary-expr","locations":[{"start":{"line":26,"column":8},"end":{"line":26,"column":34}},{"start":{"line":26,"column":38},"end":{"line":26,"column":79}}]}},"s":{"0":1,"1":0,"2":0,"3":0,"4":0,"5":0,"6":0,"7":0,"8":0,"9":0,"10":0,"11":0,"12":0,"13":0,"14":0,"15":1},"f":{"0":0},"b":{"0":[0,0],"1":[0],"2":[0],"3":[0],"4":[0,0]}}
}
