TN:
SF:src\components\Flyout\Flyout.tsx
FN:10,(anonymous_1)
FN:13,(anonymous_2)
FN:18,(anonymous_3)
FN:22,(anonymous_4)
FNF:4
FNH:3
FNDA:5,(anonymous_1)
FNDA:11,(anonymous_2)
FNDA:1,(anonymous_3)
FNDA:0,(anonymous_4)
DA:1,1
DA:2,1
DA:3,1
DA:4,1
DA:6,1
DA:7,1
DA:8,1
DA:10,1
DA:11,5
DA:12,5
DA:13,11
DA:14,5
DA:16,5
DA:18,3
DA:19,1
DA:22,3
DA:23,3
DA:25,3
DA:27,3
DA:42,1
LF:20
LH:20
BRDA:16,0,0,2
BRDA:25,1,0,3
BRDA:25,1,1,0
BRDA:33,2,0,3
BRDA:33,2,1,0
BRF:5
BRH:3
end_of_record
TN:
SF:src\components\Pagination\Pagination.tsx
FN:10,(anonymous_1)
FN:12,(anonymous_2)
FN:18,(anonymous_3)
FN:22,(anonymous_4)
FNF:4
FNH:4
FNDA:4,(anonymous_1)
FNDA:2,(anonymous_2)
FNDA:1,(anonymous_3)
FNDA:1,(anonymous_4)
DA:1,1
DA:2,1
DA:3,1
DA:10,1
DA:11,4
DA:12,4
DA:13,2
DA:16,4
DA:18,1
DA:22,1
DA:29,1
LF:11
LH:11
BRF:0
BRH:0
end_of_record
TN:
SF:src\components\SearchBar\SearchBar.tsx
FN:13,(anonymous_1)
FN:14,(anonymous_2)
FN:20,(anonymous_3)
FN:24,(anonymous_4)
FN:31,(anonymous_5)
FN:54,(anonymous_6)
FNF:6
FNH:4
FNDA:3,(anonymous_1)
FNDA:6,(anonymous_2)
FNDA:1,(anonymous_3)
FNDA:1,(anonymous_4)
FNDA:0,(anonymous_5)
FNDA:0,(anonymous_6)
DA:1,1
DA:2,1
DA:3,1
DA:4,1
DA:5,1
DA:6,1
DA:7,1
DA:13,1
DA:14,6
DA:15,3
DA:16,3
DA:17,3
DA:18,3
DA:20,3
DA:21,1
DA:24,3
DA:25,1
DA:26,1
DA:27,1
DA:28,1
DA:31,3
DA:32,0
DA:35,3
DA:55,0
DA:61,1
LF:25
LH:23
BRDA:53,0,0,3
BRDA:53,0,1,0
BRF:2
BRH:1
end_of_record
TN:
SF:src\components\SearchItem\SearchItem.tsx
FN:13,(anonymous_1)
FN:18,(anonymous_2)
FN:21,(anonymous_3)
FN:25,(anonymous_4)
FN:48,(anonymous_5)
FNF:5
FNH:3
FNDA:4,(anonymous_1)
FNDA:8,(anonymous_2)
FNDA:1,(anonymous_3)
FNDA:0,(anonymous_4)
FNDA:0,(anonymous_5)
DA:1,2
DA:3,2
DA:4,2
DA:5,2
DA:6,2
DA:7,2
DA:13,2
DA:14,4
DA:15,4
DA:16,4
DA:18,8
DA:19,4
DA:21,4
DA:22,1
DA:25,4
DA:26,0
DA:27,0
DA:29,0
DA:33,4
DA:48,0
DA:55,2
LF:21
LH:17
BRDA:26,0,0,0
BRDA:26,0,1,0
BRF:2
BRH:0
end_of_record
TN:
SF:src\components\SearchResults\SearchResults.tsx
FN:9,(anonymous_1)
FN:16,(anonymous_2)
FNF:2
FNH:2
FNDA:2,(anonymous_1)
FNDA:2,(anonymous_2)
DA:1,1
DA:3,1
DA:9,1
DA:10,2
DA:17,2
DA:25,1
LF:6
LH:6
BRDA:12,0,0,1
BRDA:12,0,1,1
BRDA:12,1,0,2
BRDA:12,1,1,2
BRF:4
BRH:4
end_of_record
TN:
SF:src\components\ThemeSwitcher\ThemeSwitcher.tsx
FN:5,(anonymous_1)
FNF:1
FNH:1
FNDA:3,(anonymous_1)
DA:2,1
DA:3,1
DA:5,1
DA:6,3
DA:8,3
DA:18,1
LF:6
LH:6
BRF:0
BRH:0
end_of_record
TN:
SF:src\constants\api.constants.ts
FNF:0
FNH:0
DA:1,5
DA:2,5
LF:2
LH:2
BRF:0
BRH:0
end_of_record
TN:
SF:src\context\ThemeContext.tsx
FN:13,(anonymous_0)
FN:21,(anonymous_1)
FN:24,(anonymous_2)
FN:25,(anonymous_3)
FN:29,(anonymous_4)
FN:36,(anonymous_5)
FNF:6
FNH:1
FNDA:16,(anonymous_0)
FNDA:0,(anonymous_1)
FNDA:0,(anonymous_2)
FNDA:0,(anonymous_3)
FNDA:0,(anonymous_4)
FNDA:0,(anonymous_5)
DA:1,5
DA:2,5
DA:11,5
DA:13,5
DA:14,16
DA:15,16
DA:16,0
DA:18,16
DA:21,5
DA:22,0
DA:24,0
DA:25,0
DA:28,0
DA:29,0
DA:36,0
DA:37,0
DA:40,0
LF:17
LH:8
BRDA:15,0,0,0
BRDA:25,1,0,0
BRDA:25,1,1,0
BRF:3
BRH:0
end_of_record
TN:
SF:src\hooks\useLocalStorage.ts
FN:3,(anonymous_0)
FN:8,(anonymous_1)
FN:12,(anonymous_2)
FN:13,(anonymous_3)
FN:15,(anonymous_4)
FNF:5
FNH:5
FNDA:4,(anonymous_0)
FNDA:5,(anonymous_1)
FNDA:5,(anonymous_2)
FNDA:4,(anonymous_3)
FNDA:5,(anonymous_4)
DA:1,6
DA:3,6
DA:4,4
DA:5,4
DA:8,6
DA:9,5
DA:12,6
DA:13,5
DA:15,5
DA:16,5
DA:19,5
LF:11
LH:11
BRDA:5,0,0,2
BRDA:5,0,1,2
BRF:2
BRH:2
end_of_record
TN:
SF:src\store\store.ts
FN:13,(anonymous_0)
FN:17,(anonymous_1)
FN:26,(anonymous_2)
FNF:3
FNH:3
FNDA:14,(anonymous_0)
FNDA:14,(anonymous_1)
FNDA:7,(anonymous_2)
DA:1,5
DA:2,5
DA:3,5
DA:4,5
DA:5,5
DA:7,5
DA:13,5
DA:14,14
DA:17,14
DA:25,5
DA:26,7
DA:28,5
LF:12
LH:12
BRF:0
BRH:0
end_of_record
TN:
SF:src\store\api\baseCardsApi.ts
FN:8,(anonymous_0)
FNF:1
FNH:1
FNDA:5,(anonymous_0)
DA:1,5
DA:2,5
DA:3,5
DA:5,5
DA:8,5
LF:5
LH:5
BRF:0
BRH:0
end_of_record
TN:
SF:src\store\cards\cards.slice.ts
FN:16,(anonymous_0)
FN:20,(anonymous_1)
FN:23,(anonymous_2)
FNF:3
FNH:3
FNDA:1,(anonymous_0)
FNDA:1,(anonymous_1)
FNDA:2,(anonymous_2)
DA:2,6
DA:8,6
DA:12,6
DA:17,1
DA:18,1
DA:21,1
DA:24,2
DA:29,6
DA:30,6
LF:9
LH:9
BRF:0
BRH:0
end_of_record
TN:
SF:src\store\search\search.slice.ts
FN:16,(anonymous_0)
FNF:1
FNH:1
FNDA:2,(anonymous_0)
DA:1,6
DA:2,6
DA:8,6
DA:12,6
DA:17,2
DA:22,6
DA:23,6
LF:7
LH:7
BRF:0
BRH:0
end_of_record
TN:
SF:src\utils\local-storage.ts
FN:1,(anonymous_0)
FN:6,(anonymous_1)
FNF:2
FNH:1
FNDA:4,(anonymous_0)
FNDA:0,(anonymous_1)
DA:1,4
DA:2,4
DA:3,4
DA:6,4
DA:7,0
LF:5
LH:4
BRDA:3,0,0,0
BRDA:3,0,1,4
BRF:2
BRH:1
end_of_record
TN:
SF:src\utils\test-utils.tsx
FN:14,(anonymous_4)
FN:31,(anonymous_5)
FN:45,(anonymous_6)
FN:54,(anonymous_7)
FNF:4
FNH:4
FNDA:4,(anonymous_4)
FNDA:4,(anonymous_5)
FNDA:5,(anonymous_6)
FNDA:5,(anonymous_7)
DA:2,5
DA:3,5
DA:4,5
DA:5,5
DA:6,5
DA:14,5
DA:23,4
DA:31,5
DA:35,4
DA:45,5
DA:54,5
DA:55,5
DA:62,5
DA:65,5
DA:66,5
LF:15
LH:15
BRDA:16,0,0,0
BRDA:17,1,0,4
BRDA:18,2,0,4
BRDA:19,3,0,0
BRDA:33,4,0,4
BRDA:33,5,0,4
BRDA:47,6,0,1
BRDA:48,7,0,1
BRDA:49,8,0,5
BRDA:50,9,0,5
BRF:10
BRH:8
end_of_record
