TN:
SF:src\components\Pagination\Pagination.tsx
FN:9,(anonymous_1)
FN:10,(anonymous_2)
FN:16,(anonymous_3)
FNF:3
FNH:3
FNDA:4,(anonymous_1)
FNDA:1,(anonymous_2)
FNDA:1,(anonymous_3)
DA:1,1
DA:9,1
DA:10,4
DA:11,1
DA:12,1
DA:16,4
DA:17,1
DA:20,4
DA:33,1
LF:9
LH:9
BRDA:11,0,0,1
BRF:1
BRH:1
end_of_record
TN:
SF:src\components\SearchBar\SearchBar.tsx
FN:9,(anonymous_1)
FN:13,(anonymous_2)
FN:17,(anonymous_3)
FN:21,(anonymous_4)
FN:26,(anonymous_5)
FN:49,(anonymous_6)
FNF:6
FNH:4
FNDA:3,(anonymous_1)
FNDA:1,(anonymous_2)
FNDA:1,(anonymous_3)
FNDA:1,(anonymous_4)
FNDA:0,(anonymous_5)
FNDA:0,(anonymous_6)
DA:1,1
DA:2,1
DA:9,1
DA:10,3
DA:11,3
DA:13,3
DA:14,1
DA:17,3
DA:18,1
DA:21,3
DA:22,1
DA:23,1
DA:26,3
DA:27,0
DA:30,3
DA:50,0
DA:56,1
LF:17
LH:15
BRDA:10,0,0,3
BRDA:10,0,1,0
BRDA:48,1,0,3
BRDA:48,1,1,0
BRF:4
BRH:2
end_of_record
TN:
SF:src\components\SearchItem\SearchItem.tsx
FN:9,(anonymous_1)
FN:11,(anonymous_2)
FNF:2
FNH:2
FNDA:4,(anonymous_1)
FNDA:1,(anonymous_2)
DA:1,2
DA:3,2
DA:9,2
DA:10,4
DA:11,4
DA:12,1
DA:15,4
DA:27,2
LF:8
LH:8
BRF:0
BRH:0
end_of_record
TN:
SF:src\components\SearchResults\SearchResults.tsx
FN:9,(anonymous_1)
FN:16,(anonymous_2)
FNF:2
FNH:2
FNDA:2,(anonymous_1)
FNDA:2,(anonymous_2)
DA:1,1
DA:3,1
DA:9,1
DA:10,2
DA:17,2
DA:25,1
LF:6
LH:6
BRDA:12,0,0,1
BRDA:12,0,1,1
BRDA:12,1,0,2
BRDA:12,1,1,2
BRF:4
BRH:4
end_of_record
TN:
SF:src\constants\api.constants.ts
FNF:0
FNH:0
DA:1,1
DA:2,1
LF:2
LH:2
BRF:0
BRH:0
end_of_record
TN:
SF:src\hooks\useLocalStorage.ts
FN:3,(anonymous_0)
FN:8,(anonymous_1)
FN:12,(anonymous_2)
FN:13,(anonymous_3)
FN:15,(anonymous_4)
FNF:5
FNH:5
FNDA:4,(anonymous_0)
FNDA:5,(anonymous_1)
FNDA:5,(anonymous_2)
FNDA:4,(anonymous_3)
FNDA:5,(anonymous_4)
DA:1,1
DA:3,1
DA:4,4
DA:5,4
DA:8,1
DA:9,5
DA:12,1
DA:13,5
DA:15,5
DA:16,5
DA:19,5
LF:11
LH:11
BRDA:5,0,0,2
BRDA:5,0,1,2
BRF:2
BRH:2
end_of_record
TN:
SF:src\pages\DetailItemPage\DetailItemPage.tsx
FN:8,(anonymous_1)
FN:14,(anonymous_2)
FN:26,(anonymous_3)
FN:32,(anonymous_4)
FN:33,(anonymous_5)
FN:40,(anonymous_6)
FN:45,(anonymous_7)
FNF:7
FNH:6
FNDA:4,(anonymous_1)
FNDA:2,(anonymous_2)
FNDA:2,(anonymous_3)
FNDA:2,(anonymous_4)
FNDA:0,(anonymous_5)
FNDA:2,(anonymous_6)
FNDA:1,(anonymous_7)
DA:1,1
DA:2,1
DA:3,1
DA:4,1
DA:6,1
DA:8,1
DA:9,4
DA:10,4
DA:11,4
DA:12,4
DA:14,4
DA:15,2
DA:16,2
DA:18,2
DA:19,0
DA:20,0
DA:23,2
DA:26,4
DA:27,2
DA:28,2
DA:32,4
DA:33,2
DA:34,0
DA:35,0
DA:39,2
DA:40,2
DA:41,2
DA:45,4
DA:46,1
DA:47,1
DA:52,4
DA:84,1
LF:32
LH:28
BRDA:18,0,0,0
BRDA:18,1,0,2
BRDA:18,1,1,2
BRDA:27,2,0,2
BRDA:34,3,0,0
BRDA:34,4,0,0
BRDA:34,4,1,0
BRDA:57,5,0,2
BRDA:57,5,1,2
BRF:9
BRH:5
end_of_record
TN:
SF:src\utils\test-utils.tsx
FN:5,(anonymous_4)
FNF:1
FNH:1
FNDA:8,(anonymous_4)
DA:2,4
DA:3,4
DA:5,4
DA:6,8
DA:9,4
DA:11,4
LF:6
LH:6
BRF:0
BRH:0
end_of_record
